0 verbose cli /Users/sugatathawale/.nvm/versions/node/v20.12.0/bin/node /Users/sugatathawale/.nvm/versions/node/v20.12.0/bin/npm
1 info using npm@10.8.3
2 info using node@v20.12.0
3 silly config load:file:/Users/sugatathawale/.nvm/versions/node/v20.12.0/lib/node_modules/npm/npmrc
4 silly config load:file:/Users/sugatathawale/THAPAA/.npmrc
5 silly config load:file:/Users/sugatathawale/.npmrc
6 silly config load:file:/Users/sugatathawale/.nvm/versions/node/v20.12.0/etc/npmrc
7 verbose title npm i
8 verbose argv "i"
9 verbose logfile logs-max:10 dir:/Users/sugatathawale/.npm/_logs/2024-09-10T14_53_09_486Z-
10 verbose logfile /Users/sugatathawale/.npm/_logs/2024-09-10T14_53_09_486Z-debug-0.log
11 silly packumentCache heap:2197815296 maxSize:549453824 maxEntrySize:274726912
12 silly logfile start cleaning logs, removing 1 files
13 silly logfile done cleaning log files
14 silly idealTree buildDeps
15 silly reify moves {}
16 verbose stack Error: Could not read package.json: Error: ENOENT: no such file or directory, open '/Users/sugatathawale/THAPAA/package.json'
17 error code ENOENT
18 error syscall open
19 error path /Users/sugatathawale/THAPAA/package.json
20 error errno -2
21 error enoent Could not read package.json: Error: ENOENT: no such file or directory, open '/Users/sugatathawale/THAPAA/package.json'
22 error enoent This is related to npm not being able to find a file.
22 error enoent
23 verbose cwd /Users/sugatathawale/THAPAA
24 verbose os Darwin 23.6.0
25 verbose node v20.12.0
26 verbose npm  v10.8.3
27 verbose exit -2
28 verbose code -2
29 error A complete log of this run can be found in: /Users/sugatathawale/.npm/_logs/2024-09-10T14_53_09_486Z-debug-0.log
