0 verbose cli /Users/sugatathawale/.nvm/versions/node/v20.12.0/bin/node /Users/sugatathawale/.nvm/versions/node/v20.12.0/bin/npm
1 info using npm@10.8.3
2 info using node@v20.12.0
3 silly config load:file:/Users/sugatathawale/.nvm/versions/node/v20.12.0/lib/node_modules/npm/npmrc
4 silly config load:file:/Users/sugatathawale/Library/Caches/typescript/5.3/.npmrc
5 silly config load:file:/Users/sugatathawale/.npmrc
6 silly config load:file:/Users/sugatathawale/.nvm/versions/node/v20.12.0/etc/npmrc
7 verbose title npm install @types/pathjs@ts5.3
8 verbose argv "install" "--ignore-scripts" "@types/pathjs@ts5.3" "--save-dev" "--user-agent" "typesInstaller/5.3.2"
9 verbose logfile logs-max:10 dir:/Users/sugatathawale/.npm/_logs/2024-09-10T14_53_49_130Z-
10 verbose logfile /Users/sugatathawale/.npm/_logs/2024-09-10T14_53_49_130Z-debug-0.log
11 silly packumentCache heap:2197815296 maxSize:549453824 maxEntrySize:274726912
12 silly logfile start cleaning logs, removing 1 files
13 silly logfile done cleaning log files
14 silly packumentCache corgi:https://registry.npmjs.org/@types%2fpathjs cache-miss
15 http fetch GET 200 https://registry.npmjs.org/@types%2fpathjs 1909ms (cache revalidated)
16 silly packumentCache corgi:https://registry.npmjs.org/@types%2fpathjs set size:13936 disposed:false
17 silly idealTree buildDeps
18 silly fetch manifest @types/pathjs@0.8.39
19 silly packumentCache full:https://registry.npmjs.org/@types%2fpathjs cache-miss
20 http fetch GET 200 https://registry.npmjs.org/@types%2fpathjs 1723ms (cache revalidated)
21 silly packumentCache full:https://registry.npmjs.org/@types%2fpathjs set size:31400 disposed:false
22 silly placeDep ROOT @types/pathjs@0.8.39 REPLACE for:  want: 0.8.39
23 silly reify moves {}
24 silly audit bulk request {
24 silly audit   '@babel/helper-string-parser': [ '7.24.8' ],
24 silly audit   '@babel/helper-validator-identifier': [ '7.24.7' ],
24 silly audit   '@babel/runtime': [ '7.24.5' ],
24 silly audit   '@babel/types': [ '7.25.4' ],
24 silly audit   '@popperjs/core': [ '2.11.8' ],
24 silly audit   '@types/adm-zip': [ '0.5.5' ],
24 silly audit   '@types/babel__traverse': [ '7.20.6' ],
24 silly audit   '@types/bcryptjs': [ '2.4.6' ],
24 silly audit   '@types/bluebird': [ '3.5.42' ],
24 silly audit   '@types/body-parser': [ '1.19.5' ],
24 silly audit   '@types/bootstrap': [ '5.2.10' ],
24 silly audit   '@types/call-bind': [ '1.0.5' ],
24 silly audit   '@types/caseless': [ '0.12.5' ],
24 silly audit   '@types/chai': [ '4.3.19' ],
24 silly audit   '@types/cli-progress': [ '3.11.5' ],
24 silly audit   '@types/connect': [ '3.4.38' ],
24 silly audit   '@types/continuation-local-storage': [ '3.2.7' ],
24 silly audit   '@types/cookie-parser': [ '1.4.7' ],
24 silly audit   '@types/cors': [ '2.8.17' ],
24 silly audit   '@types/csurf': [ '1.11.5' ],
24 silly audit   '@types/define-properties': [ '1.1.5' ],
24 silly audit   '@types/eslint': [ '9.6.1' ],
24 silly audit   '@types/eslint__js': [ '8.42.3' ],
24 silly audit   '@types/estree': [ '1.0.5' ],
24 silly audit   '@types/express': [ '4.17.21' ],
24 silly audit   '@types/express-serve-static-core': [ '4.19.0' ],
24 silly audit   '@types/geoip-lite': [ '1.4.4' ],
24 silly audit   '@types/get-intrinsic': [ '1.2.2' ],
24 silly audit   '@types/hoist-non-react-statics': [ '3.3.5' ],
24 silly audit   '@types/http-errors': [ '2.0.4' ],
24 silly audit   '@types/json-schema': [ '7.0.15' ],
24 silly audit   '@types/jsonwebtoken': [ '9.0.6' ],
24 silly audit   '@types/lodash': [ '4.17.0' ],
24 silly audit   '@types/mime': [ '1.3.5' ],
24 silly audit   '@types/mocha': [ '10.0.7' ],
24 silly audit   '@types/mochawesome': [ '6.2.4' ],
24 silly audit   '@types/morgan': [ '1.9.9' ],
24 silly audit   '@types/multer': [ '1.4.11' ],
24 silly audit   '@types/node': [ '20.12.7' ],
24 silly audit   '@types/nodemon': [ '1.19.6' ],
24 silly audit   '@types/object.entries': [ '1.1.1' ],
24 silly audit   '@types/object.fromentries': [ '2.0.4' ],
24 silly audit   '@types/pg': [ '8.11.6' ],
24 silly audit   '@types/prop-types': [ '15.7.12' ],
24 silly audit   '@types/qs': [ '6.9.15' ],
24 silly audit   '@types/range-parser': [ '1.2.7' ],
24 silly audit   '@types/react': [ '18.3.5' ],
24 silly audit   '@types/react-dom': [ '18.3.0' ],
24 silly audit   '@types/react-redux': [ '7.1.33' ],
24 silly audit   '@types/readline-sync': [ '1.4.8' ],
24 silly audit   '@types/request': [ '2.48.12' ],
24 silly audit   '@types/send': [ '0.17.4' ],
24 silly audit   '@types/sequelize': [ '4.28.20' ],
24 silly audit   '@types/serve-static': [ '1.15.7' ],
24 silly audit   '@types/tough-cookie': [ '4.0.5' ],
24 silly audit   '@types/ua-parser-js': [ '0.7.39' ],
24 silly audit   '@types/uuid': [ '10.0.0' ],
24 silly audit   '@types/validator': [ '13.11.9' ],
24 silly audit   asynckit: [ '0.4.0' ],
24 silly audit   'combined-stream': [ '1.0.8' ],
24 silly audit   csstype: [ '3.1.3' ],
24 silly audit   'delayed-stream': [ '1.0.0' ],
24 silly audit   'form-data': [ '2.5.1' ],
24 silly audit   'hoist-non-react-statics': [ '3.3.2' ],
24 silly audit   'mime-db': [ '1.52.0' ],
24 silly audit   'mime-types': [ '2.1.35' ],
24 silly audit   obuf: [ '1.1.2' ],
24 silly audit   'pg-int8': [ '1.0.1' ],
24 silly audit   'pg-numeric': [ '1.0.2' ],
24 silly audit   'pg-protocol': [ '1.6.1' ],
24 silly audit   'pg-types': [ '4.0.2' ],
24 silly audit   'postgres-array': [ '3.0.2' ],
24 silly audit   'postgres-bytea': [ '3.0.0' ],
24 silly audit   'postgres-date': [ '2.1.0' ],
24 silly audit   'postgres-interval': [ '3.0.0' ],
24 silly audit   'postgres-range': [ '1.1.4' ],
24 silly audit   'react-is': [ '16.13.1' ],
24 silly audit   redux: [ '4.2.1' ],
24 silly audit   'regenerator-runtime': [ '0.14.1' ],
24 silly audit   'to-fast-properties': [ '2.0.0' ],
24 silly audit   'types-registry': [ '0.1.685' ],
24 silly audit   'undici-types': [ '5.26.5' ],
24 silly audit   '@types/pathjs': [ '0.8.39' ]
24 silly audit }
25 http fetch POST 200 https://registry.npmjs.org/-/npm/v1/security/advisories/bulk 264ms
26 silly audit report {}
27 verbose cwd /Users/sugatathawale/Library/Caches/typescript/5.3
28 verbose os Darwin 23.6.0
29 verbose node v20.12.0
30 verbose npm  v10.8.3
31 verbose exit 0
32 info ok
